<?xml version="1.0" encoding="UTF-8"?>
<testsuite xmlns:xsi="http://www.w3.org/2001/XMLSchema-instance" xsi:noNamespaceSchemaLocation="https://maven.apache.org/surefire/maven-surefire-plugin/xsd/surefire-test-report.xsd" name="org.json.simple.JSONArrayTest" time="0.038" tests="13" errors="0" skipped="0" failures="0">
  <properties>
    <property name="sun.desktop" value="windows"/>
    <property name="awt.toolkit" value="sun.awt.windows.WToolkit"/>
    <property name="file.encoding.pkg" value="sun.io"/>
    <property name="java.specification.version" value="1.8"/>
    <property name="sun.cpu.isalist" value="amd64"/>
    <property name="sun.jnu.encoding" value="Cp1250"/>
    <property name="java.class.path" value="C:\Users\Selebro\eclipse-workspace\json-simple\target\test-classes;C:\Users\Selebro\eclipse-workspace\json-simple\target\classes;C:\Users\Selebro\.m2\repository\junit\junit\4.10\junit-4.10.jar;C:\Users\Selebro\.m2\repository\org\hamcrest\hamcrest-core\1.1\hamcrest-core-1.1.jar;"/>
    <property name="java.vm.vendor" value="Oracle Corporation"/>
    <property name="sun.arch.data.model" value="64"/>
    <property name="user.variant" value=""/>
    <property name="java.vendor.url" value="http://java.oracle.com/"/>
    <property name="user.timezone" value=""/>
    <property name="java.vm.specification.version" value="1.8"/>
    <property name="os.name" value="Windows 10"/>
    <property name="user.country" value="HU"/>
    <property name="sun.java.launcher" value="SUN_STANDARD"/>
    <property name="sun.boot.library.path" value="C:\Program Files\Java\jre1.8.0_121\bin"/>
    <property name="sun.java.command" value="C:\Users\Selebro\AppData\Local\Temp\surefire2203358410921257667\surefirebooter1089602112112149698.jar C:\Users\Selebro\AppData\Local\Temp\surefire2203358410921257667 2017-09-28T17-10-17_160-jvmRun1 surefire3658933576875825217tmp surefire_02364391936886830201tmp"/>
    <property name="surefire.test.class.path" value="C:\Users\Selebro\eclipse-workspace\json-simple\target\test-classes;C:\Users\Selebro\eclipse-workspace\json-simple\target\classes;C:\Users\Selebro\.m2\repository\junit\junit\4.10\junit-4.10.jar;C:\Users\Selebro\.m2\repository\org\hamcrest\hamcrest-core\1.1\hamcrest-core-1.1.jar;"/>
    <property name="sun.cpu.endian" value="little"/>
    <property name="user.home" value="C:\Users\Selebro"/>
    <property name="user.language" value="hu"/>
    <property name="java.specification.vendor" value="Oracle Corporation"/>
    <property name="java.home" value="C:\Program Files\Java\jre1.8.0_121"/>
    <property name="basedir" value="C:\Users\Selebro\eclipse-workspace\json-simple"/>
    <property name="file.separator" value="\"/>
    <property name="line.separator" value="&#10;"/>
    <property name="java.vm.specification.vendor" value="Oracle Corporation"/>
    <property name="java.specification.name" value="Java Platform API Specification"/>
    <property name="java.awt.graphicsenv" value="sun.awt.Win32GraphicsEnvironment"/>
    <property name="surefire.real.class.path" value="C:\Users\Selebro\AppData\Local\Temp\surefire2203358410921257667\surefirebooter1089602112112149698.jar"/>
    <property name="sun.boot.class.path" value="C:\Program Files\Java\jre1.8.0_121\lib\resources.jar;C:\Program Files\Java\jre1.8.0_121\lib\rt.jar;C:\Program Files\Java\jre1.8.0_121\lib\sunrsasign.jar;C:\Program Files\Java\jre1.8.0_121\lib\jsse.jar;C:\Program Files\Java\jre1.8.0_121\lib\jce.jar;C:\Program Files\Java\jre1.8.0_121\lib\charsets.jar;C:\Program Files\Java\jre1.8.0_121\lib\jfr.jar;C:\Program Files\Java\jre1.8.0_121\classes"/>
    <property name="user.script" value=""/>
    <property name="sun.management.compiler" value="HotSpot 64-Bit Tiered Compilers"/>
    <property name="java.runtime.version" value="1.8.0_121-b13"/>
    <property name="user.name" value="Selebro"/>
    <property name="path.separator" value=";"/>
    <property name="os.version" value="10.0"/>
    <property name="java.endorsed.dirs" value="C:\Program Files\Java\jre1.8.0_121\lib\endorsed"/>
    <property name="java.runtime.name" value="Java(TM) SE Runtime Environment"/>
    <property name="file.encoding" value="Cp1250"/>
    <property name="java.vm.name" value="Java HotSpot(TM) 64-Bit Server VM"/>
    <property name="localRepository" value="C:\Users\Selebro\.m2\repository"/>
    <property name="java.vendor.url.bug" value="http://bugreport.sun.com/bugreport/"/>
    <property name="java.io.tmpdir" value="C:\Users\Selebro\AppData\Local\Temp\"/>
    <property name="java.version" value="1.8.0_121"/>
    <property name="user.dir" value="C:\Users\Selebro\eclipse-workspace\json-simple"/>
    <property name="os.arch" value="amd64"/>
    <property name="java.vm.specification.name" value="Java Virtual Machine Specification"/>
    <property name="java.awt.printerjob" value="sun.awt.windows.WPrinterJob"/>
    <property name="sun.os.patch.level" value=""/>
    <property name="java.library.path" value="C:\Program Files\Java\jre1.8.0_121\bin;C:\WINDOWS\Sun\Java\bin;C:\WINDOWS\system32;C:\WINDOWS;C:/Program Files/Java/jre1.8.0_121/bin/server;C:/Program Files/Java/jre1.8.0_121/bin;C:/Program Files/Java/jre1.8.0_121/lib/amd64;C:\ProgramData\Oracle\Java\javapath;C:\WINDOWS\system32;C:\WINDOWS;C:\WINDOWS\System32\Wbem;C:\WINDOWS\System32\WindowsPowerShell\v1.0\;C:\Users\Selebro\.dnx\bin;C:\Program Files\Microsoft DNX\Dnvm\;C:\Program Files\Microsoft SQL Server\120\Tools\Binn\;C:\Program Files (x86)\Windows Kits\10\Windows Performance Toolkit\;C:\Program Files\nodejs\;C:\Program Files\Microsoft\Web Platform Installer\;C:\Users\Selebro\AppData\Local\Microsoft\WindowsApps;C:\Users\Selebro\AppData\Roaming\npm;C:\Users\Selebro\AppData\Local\Programs\Python\Python36-32;C:\Users\Selebro\AppData\Local\Programs\Python\Python36-32\Scripts;C:\Users\Selebro\AppData\Local\Programs;C:\Python27;C:\Python27\Scripts;C:\Users\Selebro\AppData\Local\CIRCLE;C:\WINDOWS\system32;C:\WINDOWS;C:\WINDOWS\System32\Wbem;C:\WINDOWS\System32\WindowsPowerShell\v1.0\;C:\Program Files\Git\cmd;C:\apache-maven-3.5.0\bin;C:\Program Files\Java\jdk1.8.0_121\bin;C:\Users\Selebro\Anaconda3;C:\Users\Selebro\Anaconda3\Scripts;C:\Users\Selebro\Anaconda3\Library\bin;C:\Users\Selebro\AppData\Local\Programs\Python\Python36-32\Scripts\;C:\Users\Selebro\AppData\Local\Programs\Python\Python36-32\;C:\Users\Selebro\AppData\Local\Microsoft\WindowsApps;C:\Users\Selebro\AppData\Roaming\npm;C:\Users\Selebro\AppData\Local\Programs\Python\Python36-32;C:\Users\Selebro\AppData\Local\Programs\Python\Python36-32\Scripts;C:\Users\Selebro\AppData\Local\Programs;;D:\BME MSC\Szoftver és rendszerellenőrzés\eclipse;;."/>
    <property name="java.vm.info" value="mixed mode"/>
    <property name="java.vendor" value="Oracle Corporation"/>
    <property name="java.vm.version" value="25.121-b13"/>
    <property name="java.ext.dirs" value="C:\Program Files\Java\jre1.8.0_121\lib\ext;C:\WINDOWS\Sun\Java\lib\ext"/>
    <property name="sun.io.unicode.encoding" value="UnicodeLittle"/>
    <property name="java.class.version" value="52.0"/>
  </properties>
  <testcase name="testWriteJSONStringCollectionWriter" classname="org.json.simple.JSONArrayTest" time="0.021"/>
  <testcase name="testLongArrayToString" classname="org.json.simple.JSONArrayTest" time="0"/>
  <testcase name="testFloatArrayToString" classname="org.json.simple.JSONArrayTest" time="0"/>
  <testcase name="testBooleanArrayToString" classname="org.json.simple.JSONArrayTest" time="0"/>
  <testcase name="testDoubleArrayToString" classname="org.json.simple.JSONArrayTest" time="0"/>
  <testcase name="testObjectArrayToString" classname="org.json.simple.JSONArrayTest" time="0"/>
  <testcase name="testCharArrayToString" classname="org.json.simple.JSONArrayTest" time="0"/>
  <testcase name="testIntArrayToString" classname="org.json.simple.JSONArrayTest" time="0"/>
  <testcase name="testJSONArrayCollection" classname="org.json.simple.JSONArrayTest" time="0"/>
  <testcase name="testToJSONStringCollection" classname="org.json.simple.JSONArrayTest" time="0"/>
  <testcase name="testByteArrayToString" classname="org.json.simple.JSONArrayTest" time="0.001"/>
  <testcase name="testShortArrayToString" classname="org.json.simple.JSONArrayTest" time="0"/>
  <testcase name="testJSONArray" classname="org.json.simple.JSONArrayTest" time="0"/>
</testsuite>